<?xml version="1.0" encoding="UTF-8" ?>
<testsuite failures="0" time="2.574" errors="0" skipped="0" tests="16" name="TestSuite">
  <properties>
    <property name="java.runtime.name" value="Java(TM) SE Runtime Environment"/>
    <property name="sun.boot.library.path" value="C:\Program Files\Java\jdk1.7.0_01\jre\bin"/>
    <property name="java.vm.version" value="21.1-b02"/>
    <property name="user.country.format" value="GB"/>
    <property name="java.vm.vendor" value="Oracle Corporation"/>
    <property name="java.vendor.url" value="http://java.oracle.com/"/>
    <property name="path.separator" value=";"/>
    <property name="java.vm.name" value="Java HotSpot(TM) 64-Bit Server VM"/>
    <property name="file.encoding.pkg" value="sun.io"/>
    <property name="user.script" value=""/>
    <property name="user.country" value="US"/>
    <property name="sun.java.launcher" value="SUN_STANDARD"/>
    <property name="sun.os.patch.level" value="Service Pack 1"/>
    <property name="java.vm.specification.name" value="Java Virtual Machine Specification"/>
    <property name="user.dir" value="D:\DEVELOPMENT\KOOL-PROJECT\koolping\koolping-service"/>
    <property name="java.runtime.version" value="1.7.0_01-b08"/>
    <property name="java.awt.graphicsenv" value="sun.awt.Win32GraphicsEnvironment"/>
    <property name="basedir" value="D:\DEVELOPMENT\KOOL-PROJECT\koolping\koolping-service"/>
    <property name="java.endorsed.dirs" value="C:\Program Files\Java\jdk1.7.0_01\jre\lib\endorsed"/>
    <property name="os.arch" value="amd64"/>
    <property name="surefire.real.class.path" value="C:\Users\pc\AppData\Local\Temp\surefirebooter5126412467998911437.jar"/>
    <property name="java.io.tmpdir" value="C:\Users\pc\AppData\Local\Temp\"/>
    <property name="line.separator" value="
"/>
    <property name="java.vm.specification.vendor" value="Oracle Corporation"/>
    <property name="user.variant" value=""/>
    <property name="os.name" value="Windows 7"/>
    <property name="sun.jnu.encoding" value="Cp1252"/>
    <property name="java.library.path" value="C:\Program Files\Java\jdk1.7.0_01\jre\bin;C:\Windows\Sun\Java\bin;C:\Windows\system32;C:\Windows;C:\Program Files (x86)\Haskell\bin;C:\Program Files (x86)\Haskell Platform\2012.4.0.0\lib\extralibs\bin;C:\Program Files (x86)\Haskell Platform\2012.4.0.0\bin;C:\Windows\system32;C:\Windows;C:\Windows\System32\Wbem;C:\Windows\System32\WindowsPowerShell\v1.0\;C:\Program Files (x86)\giter8\;C:\Program Files (x86)\Microsoft ASP.NET\ASP.NET Web Pages\v1.0\;C:\Program Files\SlikSvn\bin;C:\Program Files\TortoiseSVN\bin;C:\Program Files (x86)\sbt\;C:\Program Files\nodejs\;C:\Program Files (x86)\Haskell Platform\2012.4.0.0\mingw\bin;C:\Users\pc\AppData\Roaming\cabal\bin;D:\development\tools\apache-maven-2.2.1\bin;C:\Program Files\Java\jdk1.7.0_01\bin;D:\development\tools\scala-sbt;D:\development\tools\curl-7.23.1-win64-ssl-sspi;D:\development\tools\apache-activemq-5.5.1\bin;C:\Program Files\MySQL\MySQL Server 5.5\bin;D:\development\tools\play-2.0;D:\development\tools\scala-2.9.2\bin;C:\Users\pc\AppData\Roaming\npm\;C:\Program Files\nodejs\;C:\Program Files (x86)\Haskell Platform\2012.4.0.0\bin;C:\Python33;C:\Python33\Lib;;."/>
    <property name="surefire.test.class.path" value="D:\DEVELOPMENT\KOOL-PROJECT\koolping\koolping-service\target\test-classes;D:\DEVELOPMENT\KOOL-PROJECT\koolping\koolping-service\target\classes;C:\Users\pc\.m2\repository\com\h2database\h2\1.3.166\h2-1.3.166.jar;C:\Users\pc\.m2\repository\org\springframework\spring-orm\3.1.3.RELEASE\spring-orm-3.1.3.RELEASE.jar;C:\Users\pc\.m2\repository\org\springframework\spring-beans\3.1.3.RELEASE\spring-beans-3.1.3.RELEASE.jar;C:\Users\pc\.m2\repository\org\springframework\spring-core\3.1.3.RELEASE\spring-core-3.1.3.RELEASE.jar;C:\Users\pc\.m2\repository\org\springframework\spring-asm\3.1.3.RELEASE\spring-asm-3.1.3.RELEASE.jar;C:\Users\pc\.m2\repository\commons-logging\commons-logging\1.1.1\commons-logging-1.1.1.jar;C:\Users\pc\.m2\repository\org\springframework\spring-jdbc\3.1.3.RELEASE\spring-jdbc-3.1.3.RELEASE.jar;C:\Users\pc\.m2\repository\org\springframework\spring-tx\3.1.3.RELEASE\spring-tx-3.1.3.RELEASE.jar;C:\Users\pc\.m2\repository\aopalliance\aopalliance\1.0\aopalliance-1.0.jar;C:\Users\pc\.m2\repository\org\springframework\spring-aop\3.1.4.RELEASE\spring-aop-3.1.4.RELEASE.jar;C:\Users\pc\.m2\repository\org\springframework\spring-context\3.1.3.RELEASE\spring-context-3.1.3.RELEASE.jar;C:\Users\pc\.m2\repository\org\springframework\spring-expression\3.1.3.RELEASE\spring-expression-3.1.3.RELEASE.jar;C:\Users\pc\.m2\repository\org\springframework\data\spring-data-jpa\1.3.0.RELEASE\spring-data-jpa-1.3.0.RELEASE.jar;C:\Users\pc\.m2\repository\org\springframework\data\spring-data-commons\1.5.0.RELEASE\spring-data-commons-1.5.0.RELEASE.jar;C:\Users\pc\.m2\repository\org\slf4j\slf4j-api\1.7.1\slf4j-api-1.7.1.jar;C:\Users\pc\.m2\repository\org\slf4j\jcl-over-slf4j\1.7.1\jcl-over-slf4j-1.7.1.jar;C:\Users\pc\.m2\repository\org\aspectj\aspectjrt\1.7.1\aspectjrt-1.7.1.jar;C:\Users\pc\.m2\repository\org\hibernate\hibernate-entitymanager\3.6.8.Final\hibernate-entitymanager-3.6.8.Final.jar;C:\Users\pc\.m2\repository\org\hibernate\hibernate-core\3.6.8.Final\hibernate-core-3.6.8.Final.jar;C:\Users\pc\.m2\repository\antlr\antlr\2.7.6\antlr-2.7.6.jar;C:\Users\pc\.m2\repository\commons-collections\commons-collections\3.1\commons-collections-3.1.jar;C:\Users\pc\.m2\repository\dom4j\dom4j\1.6.1\dom4j-1.6.1.jar;C:\Users\pc\.m2\repository\org\hibernate\hibernate-commons-annotations\3.2.0.Final\hibernate-commons-annotations-3.2.0.Final.jar;C:\Users\pc\.m2\repository\org\hibernate\javax\persistence\hibernate-jpa-2.0-api\1.0.1.Final\hibernate-jpa-2.0-api-1.0.1.Final.jar;C:\Users\pc\.m2\repository\javax\transaction\jta\1.1\jta-1.1.jar;C:\Users\pc\.m2\repository\cglib\cglib\2.2\cglib-2.2.jar;C:\Users\pc\.m2\repository\asm\asm\3.1\asm-3.1.jar;C:\Users\pc\.m2\repository\javassist\javassist\3.12.0.GA\javassist-3.12.0.GA.jar;C:\Users\pc\.m2\repository\joda-time\joda-time\2.1\joda-time-2.1.jar;C:\Users\pc\.m2\repository\org\springframework\spring-aspects\3.1.3.RELEASE\spring-aspects-3.1.3.RELEASE.jar;C:\Users\pc\.m2\repository\org\springframework\spring-context-support\3.1.3.RELEASE\spring-context-support-3.1.3.RELEASE.jar;C:\Users\pc\.m2\repository\commons-dbcp\commons-dbcp\1.4\commons-dbcp-1.4.jar;C:\Users\pc\.m2\repository\commons-pool\commons-pool\1.5.4\commons-pool-1.5.4.jar;C:\Users\pc\.m2\repository\org\springframework\spring-test\3.1.3.RELEASE\spring-test-3.1.3.RELEASE.jar;C:\Users\pc\.m2\repository\org\testng\testng\6.1.1\testng-6.1.1.jar;C:\Users\pc\.m2\repository\junit\junit\3.8.1\junit-3.8.1.jar;C:\Users\pc\.m2\repository\org\beanshell\bsh\2.0b4\bsh-2.0b4.jar;C:\Users\pc\.m2\repository\com\beust\jcommander\1.12\jcommander-1.12.jar;C:\Users\pc\.m2\repository\org\yaml\snakeyaml\1.6\snakeyaml-1.6.jar;C:\Users\pc\.m2\repository\org\hamcrest\hamcrest-all\1.1\hamcrest-all-1.1.jar;C:\Users\pc\.m2\repository\ch\qos\logback\logback-classic\1.0.9\logback-classic-1.0.9.jar;C:\Users\pc\.m2\repository\ch\qos\logback\logback-core\1.0.9\logback-core-1.0.9.jar;"/>
    <property name="java.specification.name" value="Java Platform API Specification"/>
    <property name="java.class.version" value="51.0"/>
    <property name="sun.management.compiler" value="HotSpot 64-Bit Tiered Compilers"/>
    <property name="os.version" value="6.1"/>
    <property name="user.home" value="C:\Users\pc"/>
    <property name="user.timezone" value="Europe/London"/>
    <property name="java.awt.printerjob" value="sun.awt.windows.WPrinterJob"/>
    <property name="java.specification.version" value="1.7"/>
    <property name="file.encoding" value="Cp1252"/>
    <property name="user.name" value="pc"/>
    <property name="java.class.path" value="D:\DEVELOPMENT\KOOL-PROJECT\koolping\koolping-service\target\test-classes;D:\DEVELOPMENT\KOOL-PROJECT\koolping\koolping-service\target\classes;C:\Users\pc\.m2\repository\com\h2database\h2\1.3.166\h2-1.3.166.jar;C:\Users\pc\.m2\repository\org\springframework\spring-orm\3.1.3.RELEASE\spring-orm-3.1.3.RELEASE.jar;C:\Users\pc\.m2\repository\org\springframework\spring-beans\3.1.3.RELEASE\spring-beans-3.1.3.RELEASE.jar;C:\Users\pc\.m2\repository\org\springframework\spring-core\3.1.3.RELEASE\spring-core-3.1.3.RELEASE.jar;C:\Users\pc\.m2\repository\org\springframework\spring-asm\3.1.3.RELEASE\spring-asm-3.1.3.RELEASE.jar;C:\Users\pc\.m2\repository\commons-logging\commons-logging\1.1.1\commons-logging-1.1.1.jar;C:\Users\pc\.m2\repository\org\springframework\spring-jdbc\3.1.3.RELEASE\spring-jdbc-3.1.3.RELEASE.jar;C:\Users\pc\.m2\repository\org\springframework\spring-tx\3.1.3.RELEASE\spring-tx-3.1.3.RELEASE.jar;C:\Users\pc\.m2\repository\aopalliance\aopalliance\1.0\aopalliance-1.0.jar;C:\Users\pc\.m2\repository\org\springframework\spring-aop\3.1.4.RELEASE\spring-aop-3.1.4.RELEASE.jar;C:\Users\pc\.m2\repository\org\springframework\spring-context\3.1.3.RELEASE\spring-context-3.1.3.RELEASE.jar;C:\Users\pc\.m2\repository\org\springframework\spring-expression\3.1.3.RELEASE\spring-expression-3.1.3.RELEASE.jar;C:\Users\pc\.m2\repository\org\springframework\data\spring-data-jpa\1.3.0.RELEASE\spring-data-jpa-1.3.0.RELEASE.jar;C:\Users\pc\.m2\repository\org\springframework\data\spring-data-commons\1.5.0.RELEASE\spring-data-commons-1.5.0.RELEASE.jar;C:\Users\pc\.m2\repository\org\slf4j\slf4j-api\1.7.1\slf4j-api-1.7.1.jar;C:\Users\pc\.m2\repository\org\slf4j\jcl-over-slf4j\1.7.1\jcl-over-slf4j-1.7.1.jar;C:\Users\pc\.m2\repository\org\aspectj\aspectjrt\1.7.1\aspectjrt-1.7.1.jar;C:\Users\pc\.m2\repository\org\hibernate\hibernate-entitymanager\3.6.8.Final\hibernate-entitymanager-3.6.8.Final.jar;C:\Users\pc\.m2\repository\org\hibernate\hibernate-core\3.6.8.Final\hibernate-core-3.6.8.Final.jar;C:\Users\pc\.m2\repository\antlr\antlr\2.7.6\antlr-2.7.6.jar;C:\Users\pc\.m2\repository\commons-collections\commons-collections\3.1\commons-collections-3.1.jar;C:\Users\pc\.m2\repository\dom4j\dom4j\1.6.1\dom4j-1.6.1.jar;C:\Users\pc\.m2\repository\org\hibernate\hibernate-commons-annotations\3.2.0.Final\hibernate-commons-annotations-3.2.0.Final.jar;C:\Users\pc\.m2\repository\org\hibernate\javax\persistence\hibernate-jpa-2.0-api\1.0.1.Final\hibernate-jpa-2.0-api-1.0.1.Final.jar;C:\Users\pc\.m2\repository\javax\transaction\jta\1.1\jta-1.1.jar;C:\Users\pc\.m2\repository\cglib\cglib\2.2\cglib-2.2.jar;C:\Users\pc\.m2\repository\asm\asm\3.1\asm-3.1.jar;C:\Users\pc\.m2\repository\javassist\javassist\3.12.0.GA\javassist-3.12.0.GA.jar;C:\Users\pc\.m2\repository\joda-time\joda-time\2.1\joda-time-2.1.jar;C:\Users\pc\.m2\repository\org\springframework\spring-aspects\3.1.3.RELEASE\spring-aspects-3.1.3.RELEASE.jar;C:\Users\pc\.m2\repository\org\springframework\spring-context-support\3.1.3.RELEASE\spring-context-support-3.1.3.RELEASE.jar;C:\Users\pc\.m2\repository\commons-dbcp\commons-dbcp\1.4\commons-dbcp-1.4.jar;C:\Users\pc\.m2\repository\commons-pool\commons-pool\1.5.4\commons-pool-1.5.4.jar;C:\Users\pc\.m2\repository\org\springframework\spring-test\3.1.3.RELEASE\spring-test-3.1.3.RELEASE.jar;C:\Users\pc\.m2\repository\org\testng\testng\6.1.1\testng-6.1.1.jar;C:\Users\pc\.m2\repository\junit\junit\3.8.1\junit-3.8.1.jar;C:\Users\pc\.m2\repository\org\beanshell\bsh\2.0b4\bsh-2.0b4.jar;C:\Users\pc\.m2\repository\com\beust\jcommander\1.12\jcommander-1.12.jar;C:\Users\pc\.m2\repository\org\yaml\snakeyaml\1.6\snakeyaml-1.6.jar;C:\Users\pc\.m2\repository\org\hamcrest\hamcrest-all\1.1\hamcrest-all-1.1.jar;C:\Users\pc\.m2\repository\ch\qos\logback\logback-classic\1.0.9\logback-classic-1.0.9.jar;C:\Users\pc\.m2\repository\ch\qos\logback\logback-core\1.0.9\logback-core-1.0.9.jar;"/>
    <property name="java.vm.specification.version" value="1.7"/>
    <property name="sun.arch.data.model" value="64"/>
    <property name="java.home" value="C:\Program Files\Java\jdk1.7.0_01\jre"/>
    <property name="sun.java.command" value="C:\Users\pc\AppData\Local\Temp\surefirebooter5126412467998911437.jar C:\Users\pc\AppData\Local\Temp\surefire8160240957467883826tmp C:\Users\pc\AppData\Local\Temp\surefire6466154951050945966tmp"/>
    <property name="java.specification.vendor" value="Oracle Corporation"/>
    <property name="user.language" value="en"/>
    <property name="awt.toolkit" value="sun.awt.windows.WToolkit"/>
    <property name="java.vm.info" value="mixed mode"/>
    <property name="java.version" value="1.7.0_01"/>
    <property name="java.ext.dirs" value="C:\Program Files\Java\jdk1.7.0_01\jre\lib\ext;C:\Windows\Sun\Java\lib\ext"/>
    <property name="sun.boot.class.path" value="C:\Program Files\Java\jdk1.7.0_01\jre\lib\resources.jar;C:\Program Files\Java\jdk1.7.0_01\jre\lib\rt.jar;C:\Program Files\Java\jdk1.7.0_01\jre\lib\sunrsasign.jar;C:\Program Files\Java\jdk1.7.0_01\jre\lib\jsse.jar;C:\Program Files\Java\jdk1.7.0_01\jre\lib\jce.jar;C:\Program Files\Java\jdk1.7.0_01\jre\lib\charsets.jar;C:\Program Files\Java\jdk1.7.0_01\jre\classes"/>
    <property name="java.vendor" value="Oracle Corporation"/>
    <property name="localRepository" value="C:\Users\pc\.m2\repository"/>
    <property name="file.separator" value="\"/>
    <property name="java.vendor.url.bug" value="http://bugreport.sun.com/bugreport/"/>
    <property name="sun.cpu.endian" value="little"/>
    <property name="sun.io.unicode.encoding" value="UnicodeLittle"/>
    <property name="sun.desktop" value="windows"/>
    <property name="sun.cpu.isalist" value="amd64"/>
  </properties>
  <testcase time="0.008" classname="com.oceantech.koolping.domain.model.EmailTest" name="shouldSetEmailAddressWhenValidAddressIsPassed"/>
  <testcase time="0" classname="com.oceantech.koolping.domain.model.EmailTest" name="shouldThrowIllegalArgumentExceptionWhenInvalidAddressIsPassed"/>
  <testcase time="0" classname="com.oceantech.koolping.domain.model.EmailTest" name="shouldThrowIllegalArgumentExceptionWhenInvalidAddressIsPassed"/>
  <testcase time="0" classname="com.oceantech.koolping.domain.model.EmailTest" name="shouldThrowIllegalArgumentExceptionWhenInvalidAddressIsPassed"/>
  <testcase time="0" classname="com.oceantech.koolping.domain.model.EmailTest" name="shouldThrowIllegalArgumentExceptionWhenInvalidAddressIsPassed"/>
  <testcase time="0.001" classname="com.oceantech.koolping.domain.model.UserIdTest" name="shouldCreateUserIdWhenValidDataIsPassed"/>
  <testcase time="0" classname="com.oceantech.koolping.domain.model.UserIdTest" name="shouldThrowIllegalArgumentExceptionWhenInvalidDataIsPassed"/>
  <testcase time="0.001" classname="com.oceantech.koolping.domain.model.UserIdTest" name="shouldThrowIllegalArgumentExceptionWhenInvalidDataIsPassed"/>
  <testcase time="0" classname="com.oceantech.koolping.domain.model.UserIdTest" name="shouldThrowIllegalArgumentExceptionWhenInvalidDataIsPassed"/>
  <testcase time="0" classname="com.oceantech.koolping.infrastructure.persistence.UserIdRepositoryTest" name="shouldGenerateNextIdentity"/>
  <testcase time="0.128" classname="com.oceantech.koolping.infrastructure.persistence.UserRepositoryIntegrationTest" name="shouldFindAllUsers"/>
  <testcase time="0.004" classname="com.oceantech.koolping.infrastructure.persistence.UserRepositoryIntegrationTest" name="shouldFindById"/>
  <testcase time="0.037" classname="com.oceantech.koolping.infrastructure.persistence.UserRepositoryIntegrationTest" name="shouldFindByUserId"/>
  <testcase time="0.032" classname="com.oceantech.koolping.infrastructure.persistence.UserRepositoryIntegrationTest" name="shouldFindByUsername"/>
  <testcase time="0.005" classname="com.oceantech.koolping.infrastructure.persistence.UserRepositoryIntegrationTest" name="shouldSaveUser"/>
  <testcase time="0.004" classname="com.oceantech.koolping.infrastructure.persistence.UserRolesRepositoryIntegrationTest" name="shouldSaveUserRoles"/>
</testsuite>