<?xml version="1.0" encoding="UTF-8"?>
<beans xmlns="http://www.springframework.org/schema/beans"
       xmlns:xsi="http://www.w3.org/2001/XMLSchema-instance"
       xmlns:neo4j="http://www.springframework.org/schema/data/neo4j"
       xmlns:context="http://www.springframework.org/schema/context"
       xsi:schemaLocation="http://www.springframework.org/schema/beans
                            http://www.springframework.org/schema/beans/spring-beans.xsd
                            http://www.springframework.org/schema/data/neo4j
                            http://www.springframework.org/schema/data/neo4j/spring-neo4j.xsd
                            http://www.springframework.org/schema/context
                            http://www.springframework.org/schema/context/spring-context.xsd">

    <context:spring-configured/>

    <context:component-scan base-package="com.oceantech.koolping.*"/>

    <bean id="graphDbFactory" class="org.neo4j.graphdb.factory.GraphDatabaseFactory"/>
    <bean id="graphDatabaseService" scope="singleton" destroy-method="shutdown"
          factory-bean="graphDbFactory" factory-method="newEmbeddedDatabase">
        <constructor-arg value="test/test-db"/>
    </bean>

    <neo4j:config graphDatabaseService="graphDatabaseService" base-package="com.oceantech.koolping"/>

    <neo4j:repositories base-package="com.oceantech.koolping.repository"/>

</beans>