<?xml version="1.0" encoding="UTF-8"?>
<!-- Generated by org.testng.reporters.JUnitReportReporter -->
<testsuite hostname="pc-PC" name="com.oceantech.koolping.infrastructure.persistence.UserRepositoryIntegrationTest" tests="5" failures="0" timestamp="9 Jul 2013 22:41:32 GMT" time="0.206" errors="0">
  <testcase name="shouldSaveUser" time="0.005" classname="com.oceantech.koolping.infrastructure.persistence.UserRepositoryIntegrationTest"/>
  <testcase name="shouldFindByUsername" time="0.032" classname="com.oceantech.koolping.infrastructure.persistence.UserRepositoryIntegrationTest"/>
  <testcase name="shouldFindByUserId" time="0.037" classname="com.oceantech.koolping.infrastructure.persistence.UserRepositoryIntegrationTest"/>
  <testcase name="shouldFindById" time="0.004" classname="com.oceantech.koolping.infrastructure.persistence.UserRepositoryIntegrationTest"/>
  <testcase name="shouldFindAllUsers" time="0.128" classname="com.oceantech.koolping.infrastructure.persistence.UserRepositoryIntegrationTest"/>
</testsuite>
