<?xml version="1.0" encoding="UTF-8"?>
<!-- Generated by org.testng.reporters.JUnitReportReporter -->
<testsuite hostname="pc-PC" name="com.oceantech.koolping.domain.model.EmailTest" tests="5" failures="0" timestamp="9 Jul 2013 22:41:32 GMT" time="0.009" errors="0">
  <testcase name="shouldThrowIllegalArgumentExceptionWhenInvalidAddressIsPassed" time="0.000" classname="com.oceantech.koolping.domain.model.EmailTest"/>
  <testcase name="shouldThrowIllegalArgumentExceptionWhenInvalidAddressIsPassed" time="0.001" classname="com.oceantech.koolping.domain.model.EmailTest"/>
  <testcase name="shouldThrowIllegalArgumentExceptionWhenInvalidAddressIsPassed" time="0.000" classname="com.oceantech.koolping.domain.model.EmailTest"/>
  <testcase name="shouldThrowIllegalArgumentExceptionWhenInvalidAddressIsPassed" time="0.000" classname="com.oceantech.koolping.domain.model.EmailTest"/>
  <testcase name="shouldSetEmailAddressWhenValidAddressIsPassed" time="0.008" classname="com.oceantech.koolping.domain.model.EmailTest"/>
</testsuite>
