<?xml version="1.0" encoding="UTF-8"?>
<!-- Generated by org.testng.reporters.JUnitReportReporter -->
<testsuite hostname="pc-PC" name="com.oceantech.koolping.domain.model.UserIdTest" tests="4" failures="0" timestamp="9 Jul 2013 22:41:32 GMT" time="0.002" errors="0">
  <testcase name="shouldThrowIllegalArgumentExceptionWhenInvalidDataIsPassed" time="0.001" classname="com.oceantech.koolping.domain.model.UserIdTest"/>
  <testcase name="shouldThrowIllegalArgumentExceptionWhenInvalidDataIsPassed" time="0.000" classname="com.oceantech.koolping.domain.model.UserIdTest"/>
  <testcase name="shouldThrowIllegalArgumentExceptionWhenInvalidDataIsPassed" time="0.000" classname="com.oceantech.koolping.domain.model.UserIdTest"/>
  <testcase name="shouldCreateUserIdWhenValidDataIsPassed" time="0.001" classname="com.oceantech.koolping.domain.model.UserIdTest"/>
</testsuite>
