<?xml version="1.0" encoding="UTF-8"?>
<!-- Generated by org.testng.reporters.JUnitReportReporter -->
<testsuite hostname="pc-PC" name="com.oceantech.koolping.infrastructure.persistence.UserRolesRepositoryIntegrationTest" tests="1" failures="0" timestamp="9 Jul 2013 22:41:32 GMT" time="0.003" errors="0">
  <testcase name="shouldSaveUserRoles" time="0.003" classname="com.oceantech.koolping.infrastructure.persistence.UserRolesRepositoryIntegrationTest"/>
</testsuite>
