<?xml version="1.0" encoding="UTF-8"?>
<!-- Generated by org.testng.reporters.JUnitReportReporter -->
<testsuite hostname="pc-PC" name="com.oceantech.koolping.command.UserCommandTest" tests="2" failures="0" timestamp="9 Jul 2013 22:57:23 GMT" time="0.030" errors="0">
  <testcase name="shouldConvertToUser" time="0.026" classname="com.oceantech.koolping.command.UserCommandTest"/>
  <testcase name="shouldThrowIllegalArgumentExceptionIfEmailIsNotValid" time="0.004" classname="com.oceantech.koolping.command.UserCommandTest"/>
</testsuite>
