<?xml version="1.0" encoding="UTF-8"?>
<!-- Generated by org.testng.reporters.JUnitReportReporter -->
<testsuite hostname="pc-PC" name="com.oceantech.koolping.controller.ProfileControllerTest" tests="1" failures="0" timestamp="9 Jul 2013 22:57:23 GMT" time="0.013" errors="0">
  <testcase name="shouldShowProfilePage" time="0.013" classname="com.oceantech.koolping.controller.ProfileControllerTest"/>
</testsuite>
