<?xml version="1.0" encoding="UTF-8"?>
<!-- Generated by org.testng.reporters.JUnitReportReporter -->
<testsuite hostname="pc-PC" name="com.oceantech.koolping.controller.LoginControllerTest" tests="2" failures="0" timestamp="9 Jul 2013 22:57:23 GMT" time="0.006" errors="0">
  <testcase name="shouldShowLoginPageWithErrorMessage" time="0.002" classname="com.oceantech.koolping.controller.LoginControllerTest"/>
  <testcase name="shouldShowLoginPage" time="0.004" classname="com.oceantech.koolping.controller.LoginControllerTest"/>
</testsuite>
