<?xml version="1.0" encoding="UTF-8"?>
<!-- Generated by org.testng.reporters.JUnitReportReporter -->
<testsuite hostname="pc-PC" name="com.oceantech.koolping.controller.RegistrationControllerTest" tests="2" failures="0" timestamp="9 Jul 2013 22:57:23 GMT" time="0.041" errors="0">
  <testcase name="shouldRegisterUser" time="0.010" classname="com.oceantech.koolping.controller.RegistrationControllerTest"/>
  <testcase name="shouldFailToRegisterUserWhenValidationErrorOccurs" time="0.031" classname="com.oceantech.koolping.controller.RegistrationControllerTest"/>
</testsuite>
